<?xml version="1.0" encoding="UTF-8"?>
<!-- Generated by org.testng.reporters.JUnitReportReporter -->
<testsuite hostname="SUMANMITRA" name="TestMavenproj.TestMavenClass" tests="1" failures="0" timestamp="17 Dec 2018 07:48:30 GMT" time="15.039" errors="0">
  <testcase name="testHello" time="15.039" classname="TestMavenproj.TestMavenClass"/>
</testsuite> <!-- TestMavenproj.TestMavenClass -->
